*** 1) Ociosidade das entidades permanentes, individualmente por servidor ***

             ---------------- COMPONENTE C1 ----------------
                     Ociosidade Servidor 1 ---> 5369.00

             ---------------- COMPONENTE C2 ----------------
                     Ociosidade Servidor 1 ---> 8205.00
                     Ociosidade Servidor 2 ---> 13272.00
                     Ociosidade Servidor 3 ---> 19637.00


*** 2) Ociosidade média por componente. ***

             ---------------- COMPONENTE C1 ----------------
                     Ociosidade Média  ---> 5369.00

             ---------------- COMPONENTE C2 ----------------
                     Ociosidade Média  ---> 13704.67


*** 3) Ociosidade média geral de todos os componentes com servidores. ***
                     Ociosidade Média Geral ---> 23241.50


*** 4) Tempo médio de espera das ETs na fila de cada componente. ***

             ---------------- COMPONENTE C1 ----------------
                     Media do tempo de espera  ---> 20866.00

             ---------------- COMPONENTE C2 ----------------
                     Media do tempo de espera  ---> 2614.00


*** 5) Tempo médio de atendimento das entidades temporárias em cada componente. ***

             ---------------- COMPONENTE C1 ----------------
                   Qtd de ET que passou pelo componente ---> 15775
                   Media do tempo de atendimento        ---> 2.49

             ---------------- COMPONENTE C2 ----------------
                   Qtd de ET que passou pelo componente ---> 15694
                   Media do tempo de atendimento        ---> 6.25

             ---------------- COMPONENTE I1 ----------------
                   Qtd de ET que passou pelo componente ---> 10971
                   Media do tempo de atendimento        ---> 6.01


*** 6) Tempo médio de permanência, no modelo, das Ets.. ***
                   Media de permanência        ---> 49998.00


*** 7) Número médio de ETs na fila de cada componente que possui contenção.. ***

             ---------------- COMPONENTE C1 ----------------
                   Total de vezes que ocorreu fila        ---> 10413.00
                   Média de ETs nas filas                 ---> 5207.00

             ---------------- COMPONENTE C2 ----------------
                   Total de vezes que ocorreu fila        ---> 4819.00
                   Média de ETs nas filas                 ---> 857.13
